Start testing: Nov 01 14:54 CET
----------------------------------------------------------
1/1 Testing: test1
1/1 Test: test1
Command: "/mnt/d/Patrick/Programs/PPN_CTS/src/code/build/Test.exe"
Directory: /mnt/d/Patrick/Programs/PPN_CTS/src/code/build
"test1" start time: Nov 01 14:54 CET
Output:
----------------------------------------------------------
<end of output>
Test time =   0.01 sec
----------------------------------------------------------
Test Passed.
"test1" end time: Nov 01 14:54 CET
"test1" time elapsed: 00:00:00
----------------------------------------------------------

End testing: Nov 01 14:54 CET
